Build started 1/16/2014 6:58:19 PM.
     1>Project "c:\Users\wang chenyu\documents\visual studio 2013\Projects\wumpus\wumpus\wumpus.vcxproj" on node 2 (Build target(s)).
     1>ClCompile:
         C:\Program Files (x86)\Microsoft Visual Studio 12.0\VC\bin\CL.exe /c /ZI /nologo /W3 /WX- /sdl /Od /Oy- /D WIN32 /D _DEBUG /D _CONSOLE /D _LIB /D _UNICODE /D UNICODE /Gm /EHsc /RTC1 /MDd /GS /fp:precise /Zc:wchar_t /Zc:forScope /Yu"stdafx.h" /Fp"Debug\wumpus.pch" /Fo"Debug\\" /Fd"Debug\vc120.pdb" /Gd /TP /analyze- /errorReport:prompt wumpus.cpp
         wumpus.cpp
     1>c:\users\wang chenyu\documents\visual studio 2013\projects\wumpus\wumpus\wumpus.cpp(1): warning C4627: '#include <iostream>': skipped when looking for precompiled header use
                 Add directive to 'stdafx.h' or rebuild precompiled header
     1>c:\users\wang chenyu\documents\visual studio 2013\projects\wumpus\wumpus\wumpus.cpp(2): warning C4627: '#include <time.h>': skipped when looking for precompiled header use
                 Add directive to 'stdafx.h' or rebuild precompiled header
     1>c:\users\wang chenyu\documents\visual studio 2013\projects\wumpus\wumpus\wumpus.cpp(3): warning C4627: '#include <string>': skipped when looking for precompiled header use
                 Add directive to 'stdafx.h' or rebuild precompiled header
     1>c:\users\wang chenyu\documents\visual studio 2013\projects\wumpus\wumpus\wumpus.cpp(122): fatal error C1010: unexpected end of file while looking for precompiled header. Did you forget to add '#include "stdafx.h"' to your source?
     1>Done Building Project "c:\Users\wang chenyu\documents\visual studio 2013\Projects\wumpus\wumpus\wumpus.vcxproj" (Build target(s)) -- FAILED.

Build FAILED.

Time Elapsed 00:00:00.11
